Performing C SOURCE FILE Test CMAKE_HAVE_LIBC_PTHREAD failed with the following output:
Change Dir: /freeture/cmake/CMakeFiles/CMakeTmp

Run Build Command(s):/usr/bin/gmake cmTC_cd47e/fast && /usr/bin/gmake  -f CMakeFiles/cmTC_cd47e.dir/build.make CMakeFiles/cmTC_cd47e.dir/build
gmake[1]: Entering directory '/freeture/cmake/CMakeFiles/CMakeTmp'
Building C object CMakeFiles/cmTC_cd47e.dir/src.c.o
/usr/bin/cc   -DCMAKE_HAVE_LIBC_PTHREAD -o CMakeFiles/cmTC_cd47e.dir/src.c.o -c /freeture/cmake/CMakeFiles/CMakeTmp/src.c
Linking C executable cmTC_cd47e
/usr/bin/cmake -E cmake_link_script CMakeFiles/cmTC_cd47e.dir/link.txt --verbose=1
/usr/bin/cc  -DCMAKE_HAVE_LIBC_PTHREAD -rdynamic CMakeFiles/cmTC_cd47e.dir/src.c.o -o cmTC_cd47e 
/usr/bin/ld: CMakeFiles/cmTC_cd47e.dir/src.c.o: in function `main':
src.c:(.text+0x2f): undefined reference to `pthread_create'
/usr/bin/ld: src.c:(.text+0x3b): undefined reference to `pthread_detach'
/usr/bin/ld: src.c:(.text+0x47): undefined reference to `pthread_cancel'
/usr/bin/ld: src.c:(.text+0x58): undefined reference to `pthread_join'
collect2: error: ld returned 1 exit status
gmake[1]: *** [CMakeFiles/cmTC_cd47e.dir/build.make:106: cmTC_cd47e] Error 1
gmake[1]: Leaving directory '/freeture/cmake/CMakeFiles/CMakeTmp'
gmake: *** [Makefile:140: cmTC_cd47e/fast] Error 2


Source file was:
#include <pthread.h>

void* test_func(void* data)
{
  return data;
}

int main(void)
{
  pthread_t thread;
  pthread_create(&thread, NULL, test_func, NULL);
  pthread_detach(thread);
  pthread_cancel(thread);
  pthread_join(thread, NULL);
  pthread_atfork(NULL, NULL, NULL);
  pthread_exit(NULL);

  return 0;
}

Determining if the function pthread_create exists in the pthreads failed with the following output:
Change Dir: /freeture/cmake/CMakeFiles/CMakeTmp

Run Build Command(s):/usr/bin/gmake cmTC_280bf/fast && /usr/bin/gmake  -f CMakeFiles/cmTC_280bf.dir/build.make CMakeFiles/cmTC_280bf.dir/build
gmake[1]: Entering directory '/freeture/cmake/CMakeFiles/CMakeTmp'
Building C object CMakeFiles/cmTC_280bf.dir/CheckFunctionExists.c.o
/usr/bin/cc   -DCHECK_FUNCTION_EXISTS=pthread_create -o CMakeFiles/cmTC_280bf.dir/CheckFunctionExists.c.o -c /usr/share/cmake-3.18/Modules/CheckFunctionExists.c
Linking C executable cmTC_280bf
/usr/bin/cmake -E cmake_link_script CMakeFiles/cmTC_280bf.dir/link.txt --verbose=1
/usr/bin/cc  -DCHECK_FUNCTION_EXISTS=pthread_create -rdynamic CMakeFiles/cmTC_280bf.dir/CheckFunctionExists.c.o -o cmTC_280bf  -lpthreads 
/usr/bin/ld: cannot find -lpthreads
collect2: error: ld returned 1 exit status
gmake[1]: *** [CMakeFiles/cmTC_280bf.dir/build.make:106: cmTC_280bf] Error 1
gmake[1]: Leaving directory '/freeture/cmake/CMakeFiles/CMakeTmp'
gmake: *** [Makefile:140: cmTC_280bf/fast] Error 2



Performing C SOURCE FILE Test CMAKE_HAVE_LIBC_PTHREAD failed with the following output:
Change Dir: /freeturenew/cmake/CMakeFiles/CMakeTmp

Run Build Command(s):/usr/bin/gmake cmTC_0d463/fast && /usr/bin/gmake  -f CMakeFiles/cmTC_0d463.dir/build.make CMakeFiles/cmTC_0d463.dir/build
gmake[1]: Entering directory '/freeturenew/cmake/CMakeFiles/CMakeTmp'
Building C object CMakeFiles/cmTC_0d463.dir/src.c.o
/usr/bin/cc   -DCMAKE_HAVE_LIBC_PTHREAD -o CMakeFiles/cmTC_0d463.dir/src.c.o -c /freeturenew/cmake/CMakeFiles/CMakeTmp/src.c
Linking C executable cmTC_0d463
/usr/bin/cmake -E cmake_link_script CMakeFiles/cmTC_0d463.dir/link.txt --verbose=1
/usr/bin/cc  -DCMAKE_HAVE_LIBC_PTHREAD -rdynamic CMakeFiles/cmTC_0d463.dir/src.c.o -o cmTC_0d463 
/usr/bin/ld: CMakeFiles/cmTC_0d463.dir/src.c.o: in function `main':
src.c:(.text+0x2f): undefined reference to `pthread_create'
/usr/bin/ld: src.c:(.text+0x3b): undefined reference to `pthread_detach'
/usr/bin/ld: src.c:(.text+0x47): undefined reference to `pthread_cancel'
/usr/bin/ld: src.c:(.text+0x58): undefined reference to `pthread_join'
collect2: error: ld returned 1 exit status
gmake[1]: *** [CMakeFiles/cmTC_0d463.dir/build.make:106: cmTC_0d463] Error 1
gmake[1]: Leaving directory '/freeturenew/cmake/CMakeFiles/CMakeTmp'
gmake: *** [Makefile:140: cmTC_0d463/fast] Error 2


Source file was:
#include <pthread.h>

void* test_func(void* data)
{
  return data;
}

int main(void)
{
  pthread_t thread;
  pthread_create(&thread, NULL, test_func, NULL);
  pthread_detach(thread);
  pthread_cancel(thread);
  pthread_join(thread, NULL);
  pthread_atfork(NULL, NULL, NULL);
  pthread_exit(NULL);

  return 0;
}

Determining if the function pthread_create exists in the pthreads failed with the following output:
Change Dir: /freeturenew/cmake/CMakeFiles/CMakeTmp

Run Build Command(s):/usr/bin/gmake cmTC_d2baf/fast && /usr/bin/gmake  -f CMakeFiles/cmTC_d2baf.dir/build.make CMakeFiles/cmTC_d2baf.dir/build
gmake[1]: Entering directory '/freeturenew/cmake/CMakeFiles/CMakeTmp'
Building C object CMakeFiles/cmTC_d2baf.dir/CheckFunctionExists.c.o
/usr/bin/cc   -DCHECK_FUNCTION_EXISTS=pthread_create -o CMakeFiles/cmTC_d2baf.dir/CheckFunctionExists.c.o -c /usr/share/cmake-3.18/Modules/CheckFunctionExists.c
Linking C executable cmTC_d2baf
/usr/bin/cmake -E cmake_link_script CMakeFiles/cmTC_d2baf.dir/link.txt --verbose=1
/usr/bin/cc  -DCHECK_FUNCTION_EXISTS=pthread_create -rdynamic CMakeFiles/cmTC_d2baf.dir/CheckFunctionExists.c.o -o cmTC_d2baf  -lpthreads 
/usr/bin/ld: cannot find -lpthreads
collect2: error: ld returned 1 exit status
gmake[1]: *** [CMakeFiles/cmTC_d2baf.dir/build.make:106: cmTC_d2baf] Error 1
gmake[1]: Leaving directory '/freeturenew/cmake/CMakeFiles/CMakeTmp'
gmake: *** [Makefile:140: cmTC_d2baf/fast] Error 2



Performing C SOURCE FILE Test CMAKE_HAVE_LIBC_PTHREAD failed with the following output:
Change Dir: /home/mattia/Desktop/freeture/freeture/cmake/CMakeFiles/CMakeTmp

Run Build Command(s):/usr/bin/gmake cmTC_12a6c/fast && /usr/bin/gmake  -f CMakeFiles/cmTC_12a6c.dir/build.make CMakeFiles/cmTC_12a6c.dir/build
gmake[1]: Entering directory '/home/mattia/Desktop/freeture/freeture/cmake/CMakeFiles/CMakeTmp'
Building C object CMakeFiles/cmTC_12a6c.dir/src.c.o
/usr/bin/cc   -DCMAKE_HAVE_LIBC_PTHREAD -o CMakeFiles/cmTC_12a6c.dir/src.c.o -c /home/mattia/Desktop/freeture/freeture/cmake/CMakeFiles/CMakeTmp/src.c
Linking C executable cmTC_12a6c
/usr/bin/cmake -E cmake_link_script CMakeFiles/cmTC_12a6c.dir/link.txt --verbose=1
/usr/bin/cc  -DCMAKE_HAVE_LIBC_PTHREAD -rdynamic CMakeFiles/cmTC_12a6c.dir/src.c.o -o cmTC_12a6c 
/usr/bin/ld: CMakeFiles/cmTC_12a6c.dir/src.c.o: in function `main':
src.c:(.text+0x2f): undefined reference to `pthread_create'
/usr/bin/ld: src.c:(.text+0x3b): undefined reference to `pthread_detach'
/usr/bin/ld: src.c:(.text+0x47): undefined reference to `pthread_cancel'
/usr/bin/ld: src.c:(.text+0x58): undefined reference to `pthread_join'
collect2: error: ld returned 1 exit status
gmake[1]: *** [CMakeFiles/cmTC_12a6c.dir/build.make:106: cmTC_12a6c] Error 1
gmake[1]: Leaving directory '/home/mattia/Desktop/freeture/freeture/cmake/CMakeFiles/CMakeTmp'
gmake: *** [Makefile:140: cmTC_12a6c/fast] Error 2


Source file was:
#include <pthread.h>

void* test_func(void* data)
{
  return data;
}

int main(void)
{
  pthread_t thread;
  pthread_create(&thread, NULL, test_func, NULL);
  pthread_detach(thread);
  pthread_cancel(thread);
  pthread_join(thread, NULL);
  pthread_atfork(NULL, NULL, NULL);
  pthread_exit(NULL);

  return 0;
}

Determining if the function pthread_create exists in the pthreads failed with the following output:
Change Dir: /home/mattia/Desktop/freeture/freeture/cmake/CMakeFiles/CMakeTmp

Run Build Command(s):/usr/bin/gmake cmTC_b226b/fast && /usr/bin/gmake  -f CMakeFiles/cmTC_b226b.dir/build.make CMakeFiles/cmTC_b226b.dir/build
gmake[1]: Entering directory '/home/mattia/Desktop/freeture/freeture/cmake/CMakeFiles/CMakeTmp'
Building C object CMakeFiles/cmTC_b226b.dir/CheckFunctionExists.c.o
/usr/bin/cc   -DCHECK_FUNCTION_EXISTS=pthread_create -o CMakeFiles/cmTC_b226b.dir/CheckFunctionExists.c.o -c /usr/share/cmake-3.18/Modules/CheckFunctionExists.c
Linking C executable cmTC_b226b
/usr/bin/cmake -E cmake_link_script CMakeFiles/cmTC_b226b.dir/link.txt --verbose=1
/usr/bin/cc  -DCHECK_FUNCTION_EXISTS=pthread_create -rdynamic CMakeFiles/cmTC_b226b.dir/CheckFunctionExists.c.o -o cmTC_b226b  -lpthreads 
/usr/bin/ld: cannot find -lpthreads
collect2: error: ld returned 1 exit status
gmake[1]: *** [CMakeFiles/cmTC_b226b.dir/build.make:106: cmTC_b226b] Error 1
gmake[1]: Leaving directory '/home/mattia/Desktop/freeture/freeture/cmake/CMakeFiles/CMakeTmp'
gmake: *** [Makefile:140: cmTC_b226b/fast] Error 2



Performing C SOURCE FILE Test CMAKE_HAVE_LIBC_PTHREAD failed with the following output:
Change Dir: /home/mattia/Desktop/freeture/freeture/cmake/CMakeFiles/CMakeTmp

Run Build Command(s):/usr/bin/gmake cmTC_c0ffd/fast && gmake[1]: Entering directory '/home/mattia/Desktop/freeture/freeture/cmake/CMakeFiles/CMakeTmp'
/usr/bin/gmake  -f CMakeFiles/cmTC_c0ffd.dir/build.make CMakeFiles/cmTC_c0ffd.dir/build
gmake[2]: Entering directory '/home/mattia/Desktop/freeture/freeture/cmake/CMakeFiles/CMakeTmp'
Building C object CMakeFiles/cmTC_c0ffd.dir/src.c.o
/usr/bin/cc   -DCMAKE_HAVE_LIBC_PTHREAD -o CMakeFiles/cmTC_c0ffd.dir/src.c.o -c /home/mattia/Desktop/freeture/freeture/cmake/CMakeFiles/CMakeTmp/src.c
Linking C executable cmTC_c0ffd
/usr/bin/cmake -E cmake_link_script CMakeFiles/cmTC_c0ffd.dir/link.txt --verbose=1
/usr/bin/cc  -DCMAKE_HAVE_LIBC_PTHREAD -rdynamic CMakeFiles/cmTC_c0ffd.dir/src.c.o -o cmTC_c0ffd 
/usr/bin/ld: CMakeFiles/cmTC_c0ffd.dir/src.c.o: in function `main':
src.c:(.text+0x2f): undefined reference to `pthread_create'
/usr/bin/ld: src.c:(.text+0x3b): undefined reference to `pthread_detach'
/usr/bin/ld: src.c:(.text+0x47): undefined reference to `pthread_cancel'
/usr/bin/ld: src.c:(.text+0x58): undefined reference to `pthread_join'
collect2: error: ld returned 1 exit status
gmake[2]: *** [CMakeFiles/cmTC_c0ffd.dir/build.make:106: cmTC_c0ffd] Error 1
gmake[2]: Leaving directory '/home/mattia/Desktop/freeture/freeture/cmake/CMakeFiles/CMakeTmp'
gmake[1]: *** [Makefile:140: cmTC_c0ffd/fast] Error 2
gmake[1]: Leaving directory '/home/mattia/Desktop/freeture/freeture/cmake/CMakeFiles/CMakeTmp'


Source file was:
#include <pthread.h>

void* test_func(void* data)
{
  return data;
}

int main(void)
{
  pthread_t thread;
  pthread_create(&thread, NULL, test_func, NULL);
  pthread_detach(thread);
  pthread_cancel(thread);
  pthread_join(thread, NULL);
  pthread_atfork(NULL, NULL, NULL);
  pthread_exit(NULL);

  return 0;
}

Determining if the function pthread_create exists in the pthreads failed with the following output:
Change Dir: /home/mattia/Desktop/freeture/freeture/cmake/CMakeFiles/CMakeTmp

Run Build Command(s):/usr/bin/gmake cmTC_7ec35/fast && gmake[1]: Entering directory '/home/mattia/Desktop/freeture/freeture/cmake/CMakeFiles/CMakeTmp'
/usr/bin/gmake  -f CMakeFiles/cmTC_7ec35.dir/build.make CMakeFiles/cmTC_7ec35.dir/build
gmake[2]: Entering directory '/home/mattia/Desktop/freeture/freeture/cmake/CMakeFiles/CMakeTmp'
Building C object CMakeFiles/cmTC_7ec35.dir/CheckFunctionExists.c.o
/usr/bin/cc   -DCHECK_FUNCTION_EXISTS=pthread_create -o CMakeFiles/cmTC_7ec35.dir/CheckFunctionExists.c.o -c /usr/share/cmake-3.18/Modules/CheckFunctionExists.c
Linking C executable cmTC_7ec35
/usr/bin/cmake -E cmake_link_script CMakeFiles/cmTC_7ec35.dir/link.txt --verbose=1
/usr/bin/cc  -DCHECK_FUNCTION_EXISTS=pthread_create -rdynamic CMakeFiles/cmTC_7ec35.dir/CheckFunctionExists.c.o -o cmTC_7ec35  -lpthreads 
/usr/bin/ld: cannot find -lpthreads
collect2: error: ld returned 1 exit status
gmake[2]: *** [CMakeFiles/cmTC_7ec35.dir/build.make:106: cmTC_7ec35] Error 1
gmake[2]: Leaving directory '/home/mattia/Desktop/freeture/freeture/cmake/CMakeFiles/CMakeTmp'
gmake[1]: *** [Makefile:140: cmTC_7ec35/fast] Error 2
gmake[1]: Leaving directory '/home/mattia/Desktop/freeture/freeture/cmake/CMakeFiles/CMakeTmp'



Performing C SOURCE FILE Test CMAKE_HAVE_LIBC_PTHREAD failed with the following output:
Change Dir: /usr/local/freeture-1.3.1/freeture_git/cmake/CMakeFiles/CMakeTmp

Run Build Command(s):/usr/bin/gmake cmTC_1eca3/fast && /usr/bin/gmake  -f CMakeFiles/cmTC_1eca3.dir/build.make CMakeFiles/cmTC_1eca3.dir/build
gmake[1]: Entering directory '/usr/local/freeture-1.3.1/freeture_git/cmake/CMakeFiles/CMakeTmp'
Building C object CMakeFiles/cmTC_1eca3.dir/src.c.o
/usr/bin/cc   -DCMAKE_HAVE_LIBC_PTHREAD -o CMakeFiles/cmTC_1eca3.dir/src.c.o -c /usr/local/freeture-1.3.1/freeture_git/cmake/CMakeFiles/CMakeTmp/src.c
Linking C executable cmTC_1eca3
/usr/bin/cmake -E cmake_link_script CMakeFiles/cmTC_1eca3.dir/link.txt --verbose=1
/usr/bin/cc  -DCMAKE_HAVE_LIBC_PTHREAD -rdynamic CMakeFiles/cmTC_1eca3.dir/src.c.o -o cmTC_1eca3 
/usr/bin/ld: CMakeFiles/cmTC_1eca3.dir/src.c.o: in function `main':
src.c:(.text+0x2f): undefined reference to `pthread_create'
/usr/bin/ld: src.c:(.text+0x3b): undefined reference to `pthread_detach'
/usr/bin/ld: src.c:(.text+0x47): undefined reference to `pthread_cancel'
/usr/bin/ld: src.c:(.text+0x58): undefined reference to `pthread_join'
collect2: error: ld returned 1 exit status
gmake[1]: *** [CMakeFiles/cmTC_1eca3.dir/build.make:106: cmTC_1eca3] Error 1
gmake[1]: Leaving directory '/usr/local/freeture-1.3.1/freeture_git/cmake/CMakeFiles/CMakeTmp'
gmake: *** [Makefile:140: cmTC_1eca3/fast] Error 2


Source file was:
#include <pthread.h>

void* test_func(void* data)
{
  return data;
}

int main(void)
{
  pthread_t thread;
  pthread_create(&thread, NULL, test_func, NULL);
  pthread_detach(thread);
  pthread_cancel(thread);
  pthread_join(thread, NULL);
  pthread_atfork(NULL, NULL, NULL);
  pthread_exit(NULL);

  return 0;
}

Determining if the function pthread_create exists in the pthreads failed with the following output:
Change Dir: /usr/local/freeture-1.3.1/freeture_git/cmake/CMakeFiles/CMakeTmp

Run Build Command(s):/usr/bin/gmake cmTC_4e1fc/fast && /usr/bin/gmake  -f CMakeFiles/cmTC_4e1fc.dir/build.make CMakeFiles/cmTC_4e1fc.dir/build
gmake[1]: Entering directory '/usr/local/freeture-1.3.1/freeture_git/cmake/CMakeFiles/CMakeTmp'
Building C object CMakeFiles/cmTC_4e1fc.dir/CheckFunctionExists.c.o
/usr/bin/cc   -DCHECK_FUNCTION_EXISTS=pthread_create -o CMakeFiles/cmTC_4e1fc.dir/CheckFunctionExists.c.o -c /usr/share/cmake-3.18/Modules/CheckFunctionExists.c
Linking C executable cmTC_4e1fc
/usr/bin/cmake -E cmake_link_script CMakeFiles/cmTC_4e1fc.dir/link.txt --verbose=1
/usr/bin/cc  -DCHECK_FUNCTION_EXISTS=pthread_create -rdynamic CMakeFiles/cmTC_4e1fc.dir/CheckFunctionExists.c.o -o cmTC_4e1fc  -lpthreads 
/usr/bin/ld: cannot find -lpthreads
collect2: error: ld returned 1 exit status
gmake[1]: *** [CMakeFiles/cmTC_4e1fc.dir/build.make:106: cmTC_4e1fc] Error 1
gmake[1]: Leaving directory '/usr/local/freeture-1.3.1/freeture_git/cmake/CMakeFiles/CMakeTmp'
gmake: *** [Makefile:140: cmTC_4e1fc/fast] Error 2



Performing C SOURCE FILE Test CMAKE_HAVE_LIBC_PTHREAD failed with the following output:
Change Dir: /home/mattia/Documenti/dev/freeture/freeture_git/cmake/CMakeFiles/CMakeTmp

Run Build Command(s):/usr/bin/gmake cmTC_a3a49/fast && /usr/bin/gmake  -f CMakeFiles/cmTC_a3a49.dir/build.make CMakeFiles/cmTC_a3a49.dir/build
gmake[1]: ingresso nella directory «/home/mattia/Documenti/dev/freeture/freeture_git/cmake/CMakeFiles/CMakeTmp»
Building C object CMakeFiles/cmTC_a3a49.dir/src.c.o
/usr/bin/cc   -DCMAKE_HAVE_LIBC_PTHREAD -o CMakeFiles/cmTC_a3a49.dir/src.c.o -c /home/mattia/Documenti/dev/freeture/freeture_git/cmake/CMakeFiles/CMakeTmp/src.c
Linking C executable cmTC_a3a49
/usr/bin/cmake -E cmake_link_script CMakeFiles/cmTC_a3a49.dir/link.txt --verbose=1
/usr/bin/cc  -DCMAKE_HAVE_LIBC_PTHREAD -rdynamic CMakeFiles/cmTC_a3a49.dir/src.c.o -o cmTC_a3a49 
/usr/bin/ld: CMakeFiles/cmTC_a3a49.dir/src.c.o: in function `main':
src.c:(.text+0x2f): undefined reference to `pthread_create'
/usr/bin/ld: src.c:(.text+0x3b): undefined reference to `pthread_detach'
/usr/bin/ld: src.c:(.text+0x47): undefined reference to `pthread_cancel'
/usr/bin/ld: src.c:(.text+0x58): undefined reference to `pthread_join'
collect2: error: ld returned 1 exit status
gmake[1]: *** [CMakeFiles/cmTC_a3a49.dir/build.make:106: cmTC_a3a49] Errore 1
gmake[1]: uscita dalla directory «/home/mattia/Documenti/dev/freeture/freeture_git/cmake/CMakeFiles/CMakeTmp»
gmake: *** [Makefile:140: cmTC_a3a49/fast] Errore 2


Source file was:
#include <pthread.h>

void* test_func(void* data)
{
  return data;
}

int main(void)
{
  pthread_t thread;
  pthread_create(&thread, NULL, test_func, NULL);
  pthread_detach(thread);
  pthread_cancel(thread);
  pthread_join(thread, NULL);
  pthread_atfork(NULL, NULL, NULL);
  pthread_exit(NULL);

  return 0;
}

Determining if the function pthread_create exists in the pthreads failed with the following output:
Change Dir: /home/mattia/Documenti/dev/freeture/freeture_git/cmake/CMakeFiles/CMakeTmp

Run Build Command(s):/usr/bin/gmake cmTC_b3ace/fast && /usr/bin/gmake  -f CMakeFiles/cmTC_b3ace.dir/build.make CMakeFiles/cmTC_b3ace.dir/build
gmake[1]: ingresso nella directory «/home/mattia/Documenti/dev/freeture/freeture_git/cmake/CMakeFiles/CMakeTmp»
Building C object CMakeFiles/cmTC_b3ace.dir/CheckFunctionExists.c.o
/usr/bin/cc   -DCHECK_FUNCTION_EXISTS=pthread_create -o CMakeFiles/cmTC_b3ace.dir/CheckFunctionExists.c.o -c /usr/share/cmake-3.18/Modules/CheckFunctionExists.c
Linking C executable cmTC_b3ace
/usr/bin/cmake -E cmake_link_script CMakeFiles/cmTC_b3ace.dir/link.txt --verbose=1
/usr/bin/cc  -DCHECK_FUNCTION_EXISTS=pthread_create -rdynamic CMakeFiles/cmTC_b3ace.dir/CheckFunctionExists.c.o -o cmTC_b3ace  -lpthreads 
/usr/bin/ld: impossibile trovare -lpthreads
collect2: error: ld returned 1 exit status
gmake[1]: *** [CMakeFiles/cmTC_b3ace.dir/build.make:106: cmTC_b3ace] Errore 1
gmake[1]: uscita dalla directory «/home/mattia/Documenti/dev/freeture/freeture_git/cmake/CMakeFiles/CMakeTmp»
gmake: *** [Makefile:140: cmTC_b3ace/fast] Errore 2



