Device::Device
INIT CAMERADEVICE MANAGER 
Device::Device
DEBUG: Device::~Device
DEBUG: Device::getListDevice
CameraLucidArenaScanner::UpdateCameraList
DEBUG: CameraLucidArena_PHX016SScanner::UpdateCameraList
DEBUG: CameraLucidArena_PHX016SScanner::UpdateCameraList UpdateDevices
DEBUG: CameraLucidArena_PHX016SScanner::UpdateCameraList GetDevices
DEBUG: CameraLucidArena_PHX016SScanner::UpdateCameraList Found  2 candidates devices
DEBUG: CameraLucidArena_PHX016SScanner::UpdateCameraList # 0   acA1300-30gm
DEBUG: CameraLucidArena_PHX016SScanner::UpdateCameraList # 1   PHX016S-M
DEBUG: CameraLucidArena_PHX016SScanner::UpdateCameraList PHX016S found
DEBUG: CameraGigeAravisScanner::UpdateCameraList
DEBUG: CameraGigeAravisScanner::UpdateCameraList Fake
DEBUG: CameraGigeAravisScanner::UpdateCameraList USB3Vision
DEBUG: CameraGigeAravisScanner::UpdateCameraList GigEVision
DEBUG: CameraGigeAravisScanner::UpdateCameraList Devices detected:  2
[0]    NAME[Lucid Vision Labs-PHX016S-M-225100176] SDK[LUCIDARAVIS] IP: 192.168.16.122
[1]    NAME[PHX016S-M] SDK[ARENASDK] IP: 192.168.16.122
[2]    NAME[Basler-acA1300-30gm-23672455] SDK[ARAVIS] IP: 192.168.16.196
[3]    NAME[Lucid Vision Labs-PHX016S-M-225100176] SDK[ARAVIS] IP: 192.168.16.122
Camera type
Device::createCamera(int,bool)
DEBUG: Device::createDevicesWith
DEBUG: SDK: LUCID_ARAVIS
CameraLucidArena::createDevice
CameraLucidArena::getDeviceNameById [#1]
CameraLucidArena::createDevice: Instancing arv_camera_new
CameraLucidArena::getFPSBounds [0.1, 25.5813]
CameraLucidArena::setFPS [0.1]SET FRAME OK
==0.1
DEBUG: Device::createCamera(int,bool) - created new camera
DEBUG: Device::getCameraFPSBounds(double,double)
CameraLucidArena::getFPSBounds [0.1, 25.5813]
Device::setCameraDayGain
CameraLucidArena::setGain
DEBUG: Device::getCameraGainBounds(double,double)
CameraLucidArena::getGainBounds
DEBUG: Device::getCameraExposureBounds(double,double)
CameraLucidArena::getExposureBounds [25.928, 9.99998e+06]
EXP NIGHT 29361
================================================
======= FREETURE - Meteor detection mode =======
================================================

Start to create detection thread.
AcqThread::AcqThread
AcqThread::startThread(
DEBUG: Device::Setup
AcqThread::prepareAcquisitionOnDevice
DEBUG: Device::setCameraSize :  1440 x 1080
CameraLucidArena::setSize
DEBUG: Device::setCameraPixelFormat
CameraLucidArena::setPixelFormat
CAMERA IS SET OK 
DEBUG: Device::getCameraFPSBounds
CameraLucidArena::getFPSBounds [0.1, 25.5813]
DEBUG: Device::getCameraExposureBounds
CameraLucidArena::getExposureBounds [25.928, 9.99998e+06]
DEBUG: Device::getCameraGainBounds
CameraLucidArena::getGainBounds
AcqThread::computeSunTimes
LOCAL DATE      :  20230418
SUNRISE         :  15H4 - 16H12
SUNSET          :  29H53 - 31H0
GET BOUNDS OK
DEBUG: 
CameraLucidArena::setExposureTime [29361]
arv_camera_get_exposure_time_bounds [25.928, 9.99998e+06]
CameraLucidArena::getFPSBounds [0.1, 25.5813]
DEBUG: Device::getCameraFPSBounds
CameraLucidArena::getFPSBounds [0.1, 25.5813]
DEBUG: 
CameraLucidArena::setGain
DEBUG: Device::setCameraFPS
CameraLucidArena::setFPS [30]SET FRAME OK
==25.5813
> Frame rate value (30) can't be set! Please check genicam features.
DEBUG: Device::initializeCamera
CameraLucidArena::grabInitialization

DEVICE SELECTED : 225100176
DEVICE NAME     : PHX016S-M
DEVICE VENDOR   : Lucid Vision Labs
PAYLOAD         : 3110400
Start X         : 0
Start Y         : 0
Width           : 1440
Height          : 1080
Exp Range       : [25.928 - 38937]
Exp             : 29360.9
Gain Range      : [0 - 48]
Gain            : 48
Fps Range       : [0.1 - 25.5813]
Fps             : 0
Type            : video/x-raw, format=(string)GRAY16_LE

DEBUG: Device::startCamera
CameraLucidArena::acqStart
AcqThread::selectNextAcquisitionSchedule
DEBUG: Device::getExposureStatus
DEBUG: Device::loadNextCameraDataSet
AcqThread::getThreadStatus
AcqThread::getThreadStatus
AcqThread::getThreadStatus
